This file contains any messages produced by compilers while
running configure, to aid debugging if configure makes a mistake.

It was created by configure, which was
generated by GNU Autoconf 2.68.  Invocation command line was

  $ ./configure --enable-js-css-compressor

## --------- ##
## Platform. ##
## --------- ##

hostname = kufd
uname -m = i686
uname -r = 3.6.6-1.fc16.i686.PAE
uname -s = Linux
uname -v = #1 SMP Mon Nov 5 17:11:25 UTC 2012

/usr/bin/uname -p = unknown
/bin/uname -X     = unknown

/bin/arch              = i686
/usr/bin/arch -k       = unknown
/usr/convex/getsysinfo = unknown
/usr/bin/hostinfo      = unknown
/bin/machine           = unknown
/usr/bin/oslevel       = unknown
/bin/universe          = unknown

PATH: /usr/lib/qt-3.3/bin
PATH: /usr/lib/ccache
PATH: /usr/local/bin
PATH: /bin
PATH: /usr/bin
PATH: /usr/local/sbin
PATH: /usr/sbin
PATH: /sbin
PATH: /home/kufd/bin


## ----------- ##
## Core tests. ##
## ----------- ##

configure:2191: checking for grep that handles long lines and -e
configure:2249: result: /bin/grep
configure:2254: checking for egrep
configure:2316: result: /bin/grep -E
configure:2321: checking for a sed that does not truncate output
configure:2385: result: /bin/sed
configure:2519: checking for cc
configure:2535: found /usr/lib/ccache/cc
configure:2546: result: cc
configure:2577: checking for C compiler version
configure:2586: cc --version >&5
cc (GCC) 4.6.3 20120306 (Red Hat 4.6.3-2)
Copyright (C) 2011 Free Software Foundation, Inc.
This is free software; see the source for copying conditions.  There is NO
warranty; not even for MERCHANTABILITY or FITNESS FOR A PARTICULAR PURPOSE.

configure:2597: $? = 0
configure:2586: cc -v >&5
Using built-in specs.
COLLECT_GCC=/usr/bin/cc
COLLECT_LTO_WRAPPER=/usr/libexec/gcc/i686-redhat-linux/4.6.3/lto-wrapper
Target: i686-redhat-linux
Configured with: ../configure --prefix=/usr --mandir=/usr/share/man --infodir=/usr/share/info --with-bugurl=http://bugzilla.redhat.com/bugzilla --enable-bootstrap --enable-shared --enable-threads=posix --enable-checking=release --with-system-zlib --enable-__cxa_atexit --disable-libunwind-exceptions --enable-gnu-unique-object --enable-linker-build-id --enable-languages=c,c++,objc,obj-c++,java,fortran,ada,go,lto --enable-plugin --enable-java-awt=gtk --disable-dssi --with-java-home=/usr/lib/jvm/java-1.5.0-gcj-1.5.0.0/jre --enable-libgcj-multifile --enable-java-maintainer-mode --with-ecj-jar=/usr/share/java/eclipse-ecj.jar --disable-libjava-multilib --with-ppl --with-cloog --with-tune=generic --with-arch=i686 --build=i686-redhat-linux
Thread model: posix
gcc version 4.6.3 20120306 (Red Hat 4.6.3-2) (GCC) 
configure:2597: $? = 0
configure:2586: cc -V >&5
cc: error: unrecognized option '-V'
cc: fatal error: no input files
compilation terminated.
configure:2597: $? = 4
configure:2586: cc -qversion >&5
cc: error: unrecognized option '-qversion'
cc: fatal error: no input files
compilation terminated.
configure:2597: $? = 4
configure:2617: checking whether the C compiler works
configure:2639: cc    conftest.c  >&5
configure:2643: $? = 0
configure:2691: result: yes
configure:2694: checking for C compiler default output file name
configure:2696: result: a.out
configure:2702: checking for suffix of executables
configure:2709: cc -o conftest    conftest.c  >&5
configure:2713: $? = 0
configure:2735: result: 
configure:2757: checking whether we are cross compiling
configure:2765: cc -o conftest    conftest.c  >&5
configure:2769: $? = 0
configure:2776: ./conftest
configure:2780: $? = 0
configure:2795: result: no
configure:2800: checking for suffix of object files
configure:2822: cc -c   conftest.c >&5
configure:2826: $? = 0
configure:2847: result: o
configure:2851: checking whether we are using the GNU C compiler
configure:2870: cc -c   conftest.c >&5
configure:2870: $? = 0
configure:2879: result: yes
configure:2888: checking whether cc accepts -g
configure:2908: cc -c -g  conftest.c >&5
configure:2908: $? = 0
configure:2949: result: yes
configure:2966: checking for cc option to accept ISO C89
configure:3030: cc  -c -g -O2  conftest.c >&5
configure:3030: $? = 0
configure:3043: result: none needed
configure:3069: checking how to run the C preprocessor
configure:3100: cc -E  conftest.c
configure:3100: $? = 0
configure:3114: cc -E  conftest.c
conftest.c:9:28: fatal error: ac_nonexistent.h: No such file or directory
compilation terminated.
configure:3114: $? = 1
configure: failed program was:
| /* confdefs.h */
| #define PACKAGE_NAME ""
| #define PACKAGE_TARNAME ""
| #define PACKAGE_VERSION ""
| #define PACKAGE_STRING ""
| #define PACKAGE_BUGREPORT ""
| #define PACKAGE_URL ""
| /* end confdefs.h.  */
| #include <ac_nonexistent.h>
configure:3139: result: cc -E
configure:3159: cc -E  conftest.c
configure:3159: $? = 0
configure:3173: cc -E  conftest.c
conftest.c:9:28: fatal error: ac_nonexistent.h: No such file or directory
compilation terminated.
configure:3173: $? = 1
configure: failed program was:
| /* confdefs.h */
| #define PACKAGE_NAME ""
| #define PACKAGE_TARNAME ""
| #define PACKAGE_VERSION ""
| #define PACKAGE_STRING ""
| #define PACKAGE_BUGREPORT ""
| #define PACKAGE_URL ""
| /* end confdefs.h.  */
| #include <ac_nonexistent.h>
configure:3204: checking for icc
configure:3213: result: no
configure:3227: checking for suncc
configure:3236: result: no
configure:3254: checking whether cc understands -c and -o together
configure:3282: cc -c conftest.c -o conftest2.o >&5
configure:3286: $? = 0
configure:3292: cc -c conftest.c -o conftest2.o >&5
configure:3296: $? = 0
configure:3351: result: yes
configure:3365: checking for system library directory
configure:3380: result: lib
configure:3387: checking if compiler supports -R
configure:3406: cc -o conftest -g -O2   conftest.c -R /usr/lib  >&5
cc: error: unrecognized option '-R'
configure:3406: $? = 1
configure: failed program was:
| /* confdefs.h */
| #define PACKAGE_NAME ""
| #define PACKAGE_TARNAME ""
| #define PACKAGE_VERSION ""
| #define PACKAGE_STRING ""
| #define PACKAGE_BUGREPORT ""
| #define PACKAGE_URL ""
| /* end confdefs.h.  */
| 
| int
| main ()
| {
| 
|   ;
|   return 0;
| }
configure:3416: result: no
configure:3421: checking if compiler supports -Wl,-rpath,
configure:3440: cc -o conftest -g -O2   conftest.c -Wl,-rpath,/usr/lib  >&5
configure:3440: $? = 0
configure:3450: result: yes
configure:3495: checking build system type
configure:3509: result: i686-pc-linux-gnu
configure:3529: checking host system type
configure:3542: result: i686-pc-linux-gnu
configure:3562: checking target system type
configure:3575: result: i686-pc-linux-gnu
configure:3678: checking for PHP prefix
configure:3680: result: /usr
configure:3682: checking for PHP includes
configure:3684: result: -I/usr/include/php -I/usr/include/php/main -I/usr/include/php/TSRM -I/usr/include/php/Zend -I/usr/include/php/ext -I/usr/include/php/ext/date/lib
configure:3686: checking for PHP extension directory
configure:3688: result: /usr/lib/php/modules
configure:3690: checking for PHP installed headers prefix
configure:3692: result: /usr/include/php
configure:3695: checking if debug is enabled
configure:3721: result: no
configure:3724: checking if zts is enabled
configure:3750: result: no
configure:3824: checking for re2c
configure:3854: result: no
configure:3879: WARNING: You will need re2c 0.13.4 or later if you want to regenerate PHP parsers.
configure:3893: checking for gawk
configure:3910: found /bin/gawk
configure:3921: result: gawk
configure:3964: checking Whether to enable the "js_css_compressor" extension
configure:4003: result: yes, shared
configure:4070: checking for g++
configure:4086: found /usr/lib/ccache/g++
configure:4097: result: g++
configure:4124: checking for C++ compiler version
configure:4133: g++ --version >&5
g++ (GCC) 4.6.3 20120306 (Red Hat 4.6.3-2)
Copyright (C) 2011 Free Software Foundation, Inc.
This is free software; see the source for copying conditions.  There is NO
warranty; not even for MERCHANTABILITY or FITNESS FOR A PARTICULAR PURPOSE.

configure:4144: $? = 0
configure:4133: g++ -v >&5
Using built-in specs.
COLLECT_GCC=/usr/bin/g++
COLLECT_LTO_WRAPPER=/usr/libexec/gcc/i686-redhat-linux/4.6.3/lto-wrapper
Target: i686-redhat-linux
Configured with: ../configure --prefix=/usr --mandir=/usr/share/man --infodir=/usr/share/info --with-bugurl=http://bugzilla.redhat.com/bugzilla --enable-bootstrap --enable-shared --enable-threads=posix --enable-checking=release --with-system-zlib --enable-__cxa_atexit --disable-libunwind-exceptions --enable-gnu-unique-object --enable-linker-build-id --enable-languages=c,c++,objc,obj-c++,java,fortran,ada,go,lto --enable-plugin --enable-java-awt=gtk --disable-dssi --with-java-home=/usr/lib/jvm/java-1.5.0-gcj-1.5.0.0/jre --enable-libgcj-multifile --enable-java-maintainer-mode --with-ecj-jar=/usr/share/java/eclipse-ecj.jar --disable-libjava-multilib --with-ppl --with-cloog --with-tune=generic --with-arch=i686 --build=i686-redhat-linux
Thread model: posix
gcc version 4.6.3 20120306 (Red Hat 4.6.3-2) (GCC) 
configure:4144: $? = 0
configure:4133: g++ -V >&5
g++: error: unrecognized option '-V'
g++: fatal error: no input files
compilation terminated.
configure:4144: $? = 4
configure:4133: g++ -qversion >&5
g++: error: unrecognized option '-qversion'
g++: fatal error: no input files
compilation terminated.
configure:4144: $? = 4
configure:4148: checking whether we are using the GNU C++ compiler
configure:4167: g++ -c   conftest.cpp >&5
configure:4167: $? = 0
configure:4176: result: yes
configure:4185: checking whether g++ accepts -g
configure:4205: g++ -c -g  conftest.cpp >&5
configure:4205: $? = 0
configure:4246: result: yes
configure:4274: checking how to run the C++ preprocessor
configure:4301: g++ -E  conftest.cpp
configure:4301: $? = 0
configure:4315: g++ -E  conftest.cpp
conftest.cpp:9:28: fatal error: ac_nonexistent.h: No such file or directory
compilation terminated.
configure:4315: $? = 1
configure: failed program was:
| /* confdefs.h */
| #define PACKAGE_NAME ""
| #define PACKAGE_TARNAME ""
| #define PACKAGE_VERSION ""
| #define PACKAGE_STRING ""
| #define PACKAGE_BUGREPORT ""
| #define PACKAGE_URL ""
| /* end confdefs.h.  */
| #include <ac_nonexistent.h>
configure:4340: result: g++ -E
configure:4360: g++ -E  conftest.cpp
configure:4360: $? = 0
configure:4374: g++ -E  conftest.cpp
conftest.cpp:9:28: fatal error: ac_nonexistent.h: No such file or directory
compilation terminated.
configure:4374: $? = 1
configure: failed program was:
| /* confdefs.h */
| #define PACKAGE_NAME ""
| #define PACKAGE_TARNAME ""
| #define PACKAGE_VERSION ""
| #define PACKAGE_STRING ""
| #define PACKAGE_BUGREPORT ""
| #define PACKAGE_URL ""
| /* end confdefs.h.  */
| #include <ac_nonexistent.h>
configure:4776: checking how to print strings
configure:4803: result: printf
configure:4824: checking for a sed that does not truncate output
configure:4888: result: /bin/sed
configure:4906: checking for fgrep
configure:4968: result: /bin/grep -F
configure:5003: checking for ld used by cc
configure:5070: result: /usr/bin/ld
configure:5077: checking if the linker (/usr/bin/ld) is GNU ld
configure:5092: result: yes
configure:5104: checking for BSD- or MS-compatible name lister (nm)
configure:5153: result: /usr/bin/nm -B
configure:5283: checking the name lister (/usr/bin/nm -B) interface
configure:5290: cc -c -g -O2  conftest.c >&5
configure:5293: /usr/bin/nm -B "conftest.o"
configure:5296: output
00000000 B some_variable
configure:5303: result: BSD nm
configure:5306: checking whether ln -s works
configure:5310: result: yes
configure:5318: checking the maximum length of command line arguments
configure:5443: result: 1572864
configure:5460: checking whether the shell understands some XSI constructs
configure:5470: result: yes
configure:5474: checking whether the shell understands "+="
configure:5480: result: yes
configure:5515: checking how to convert i686-pc-linux-gnu file names to i686-pc-linux-gnu format
configure:5555: result: func_convert_file_noop
configure:5562: checking how to convert i686-pc-linux-gnu file names to toolchain format
configure:5582: result: func_convert_file_noop
configure:5589: checking for /usr/bin/ld option to reload object files
configure:5596: result: -r
configure:5670: checking for objdump
configure:5686: found /usr/bin/objdump
configure:5697: result: objdump
configure:5729: checking how to recognize dependent libraries
configure:5931: result: pass_all
configure:6016: checking for dlltool
configure:6046: result: no
configure:6076: checking how to associate runtime and link libraries
configure:6103: result: printf %s\n
configure:6163: checking for ar
configure:6179: found /usr/bin/ar
configure:6190: result: ar
configure:6227: checking for archiver @FILE support
configure:6244: cc -c -g -O2  conftest.c >&5
configure:6244: $? = 0
configure:6247: ar cru libconftest.a @conftest.lst >&5
configure:6250: $? = 0
configure:6255: ar cru libconftest.a @conftest.lst >&5
ar: conftest.o: No such file or directory
configure:6258: $? = 1
configure:6270: result: @
configure:6328: checking for strip
configure:6344: found /usr/bin/strip
configure:6355: result: strip
configure:6427: checking for ranlib
configure:6443: found /usr/bin/ranlib
configure:6454: result: ranlib
configure:6531: checking for gawk
configure:6558: result: gawk
configure:6598: checking command to parse /usr/bin/nm -B output from cc object
configure:6717: cc -c -g -O2  conftest.c >&5
configure:6720: $? = 0
configure:6724: /usr/bin/nm -B conftest.o \| sed -n -e 's/^.*[ ]\([ABCDGIRSTW][ABCDGIRSTW]*\)[ ][ ]*\([_A-Za-z][_A-Za-z0-9]*\)$/\1 \2 \2/p' | sed '/ __gnu_lto/d' \> conftest.nm
configure:6727: $? = 0
configure:6793: cc -o conftest -g -O2   conftest.c conftstm.o >&5
configure:6796: $? = 0
configure:6834: result: ok
configure:6871: checking for sysroot
configure:6901: result: no
configure:7144: checking for mt
configure:7174: result: no
configure:7194: checking if : is a manifest tool
configure:7200: : '-?'
configure:7208: result: no
configure:7835: checking for ANSI C header files
configure:7855: cc -c -g -O2  conftest.c >&5
configure:7855: $? = 0
configure:7928: cc -o conftest -g -O2   conftest.c  >&5
configure:7928: $? = 0
configure:7928: ./conftest
configure:7928: $? = 0
configure:7939: result: yes
configure:7952: checking for sys/types.h
configure:7952: cc -c -g -O2  conftest.c >&5
configure:7952: $? = 0
configure:7952: result: yes
configure:7952: checking for sys/stat.h
configure:7952: cc -c -g -O2  conftest.c >&5
configure:7952: $? = 0
configure:7952: result: yes
configure:7952: checking for stdlib.h
configure:7952: cc -c -g -O2  conftest.c >&5
configure:7952: $? = 0
configure:7952: result: yes
configure:7952: checking for string.h
configure:7952: cc -c -g -O2  conftest.c >&5
configure:7952: $? = 0
configure:7952: result: yes
configure:7952: checking for memory.h
configure:7952: cc -c -g -O2  conftest.c >&5
configure:7952: $? = 0
configure:7952: result: yes
configure:7952: checking for strings.h
configure:7952: cc -c -g -O2  conftest.c >&5
configure:7952: $? = 0
configure:7952: result: yes
configure:7952: checking for inttypes.h
configure:7952: cc -c -g -O2  conftest.c >&5
configure:7952: $? = 0
configure:7952: result: yes
configure:7952: checking for stdint.h
configure:7952: cc -c -g -O2  conftest.c >&5
configure:7952: $? = 0
configure:7952: result: yes
configure:7952: checking for unistd.h
configure:7952: cc -c -g -O2  conftest.c >&5
configure:7952: $? = 0
configure:7952: result: yes
configure:7966: checking for dlfcn.h
configure:7966: cc -c -g -O2  conftest.c >&5
configure:7966: $? = 0
configure:7966: result: yes
configure:8164: checking for objdir
configure:8179: result: .libs
configure:8450: checking if cc supports -fno-rtti -fno-exceptions
configure:8468: cc -c -g -O2  -fno-rtti -fno-exceptions conftest.c >&5
cc1: warning: command line option '-fno-rtti' is valid for C++/ObjC++ but not for C [enabled by default]
cc1: warning: command line option '-fno-rtti' is valid for C++/ObjC++ but not for C [enabled by default]
configure:8472: $? = 0
configure:8485: result: no
configure:8795: checking for cc option to produce PIC
configure:8802: result: -fPIC -DPIC
configure:8810: checking if cc PIC flag -fPIC -DPIC works
configure:8828: cc -c -g -O2  -fPIC -DPIC -DPIC conftest.c >&5
configure:8832: $? = 0
configure:8845: result: yes
configure:8874: checking if cc static flag -static works
configure:8902: result: no
configure:8917: checking if cc supports -c -o file.o
configure:8938: cc -c -g -O2  -o out/conftest2.o conftest.c >&5
configure:8942: $? = 0
configure:8964: result: yes
configure:8972: checking if cc supports -c -o file.o
configure:9019: result: yes
configure:9052: checking whether the cc linker (/usr/bin/ld) supports shared libraries
configure:10210: result: yes
configure:10247: checking whether -lc should be explicitly linked in
configure:10255: cc -c -g -O2  conftest.c >&5
configure:10258: $? = 0
configure:10273: cc -shared  -fPIC -DPIC conftest.o  -v -Wl,-soname -Wl,conftest -o conftest 2\>\&1 \| /bin/grep  -lc  \>/dev/null 2\>\&1
configure:10276: $? = 0
configure:10290: result: no
configure:10455: checking dynamic linker characteristics
configure:10969: cc -o conftest -g -O2   -Wl,-rpath -Wl,/foo conftest.c  >&5
configure:10969: $? = 0
configure:11195: result: GNU/Linux ld.so
configure:11302: checking how to hardcode library paths into programs
configure:11327: result: immediate
configure:11867: checking whether stripping libraries is possible
configure:11872: result: yes
configure:11907: checking if libtool supports shared libraries
configure:11909: result: yes
configure:11912: checking whether to build shared libraries
configure:11933: result: yes
configure:11936: checking whether to build static libraries
configure:11940: result: no
configure:11963: checking how to run the C++ preprocessor
configure:12029: result: g++ -E
configure:12049: g++ -E  conftest.cpp
configure:12049: $? = 0
configure:12063: g++ -E  conftest.cpp
conftest.cpp:22:28: fatal error: ac_nonexistent.h: No such file or directory
compilation terminated.
configure:12063: $? = 1
configure: failed program was:
| /* confdefs.h */
| #define PACKAGE_NAME ""
| #define PACKAGE_TARNAME ""
| #define PACKAGE_VERSION ""
| #define PACKAGE_STRING ""
| #define PACKAGE_BUGREPORT ""
| #define PACKAGE_URL ""
| #define COMPILE_DL_JS_CSS_COMPRESSOR 1
| #define STDC_HEADERS 1
| #define HAVE_SYS_TYPES_H 1
| #define HAVE_SYS_STAT_H 1
| #define HAVE_STDLIB_H 1
| #define HAVE_STRING_H 1
| #define HAVE_MEMORY_H 1
| #define HAVE_STRINGS_H 1
| #define HAVE_INTTYPES_H 1
| #define HAVE_STDINT_H 1
| #define HAVE_UNISTD_H 1
| #define HAVE_DLFCN_H 1
| #define LT_OBJDIR ".libs/"
| /* end confdefs.h.  */
| #include <ac_nonexistent.h>
configure:12233: checking for ld used by g++
configure:12300: result: /usr/bin/ld
configure:12307: checking if the linker (/usr/bin/ld) is GNU ld
configure:12322: result: yes
configure:12377: checking whether the g++ linker (/usr/bin/ld) supports shared libraries
configure:13381: result: yes
configure:13416: g++ -c -g -O2  conftest.cpp >&5
configure:13419: $? = 0
configure:13939: checking for g++ option to produce PIC
configure:13946: result: -fPIC -DPIC
configure:13954: checking if g++ PIC flag -fPIC -DPIC works
configure:13972: g++ -c -g -O2  -fPIC -DPIC -DPIC conftest.cpp >&5
configure:13976: $? = 0
configure:13989: result: yes
configure:14012: checking if g++ static flag -static works
configure:14040: result: no
configure:14052: checking if g++ supports -c -o file.o
configure:14073: g++ -c -g -O2  -o out/conftest2.o conftest.cpp >&5
configure:14077: $? = 0
configure:14099: result: yes
configure:14104: checking if g++ supports -c -o file.o
configure:14151: result: yes
configure:14181: checking whether the g++ linker (/usr/bin/ld) supports shared libraries
configure:14215: result: yes
configure:14358: checking dynamic linker characteristics
configure:15032: result: GNU/Linux ld.so
configure:15085: checking how to hardcode library paths into programs
configure:15110: result: immediate
configure:15408: creating ./config.status

## ---------------------- ##
## Running config.status. ##
## ---------------------- ##

This file was extended by config.status, which was
generated by GNU Autoconf 2.68.  Invocation command line was

  CONFIG_FILES    = 
  CONFIG_HEADERS  = 
  CONFIG_LINKS    = 
  CONFIG_COMMANDS = 
  $ ./config.status 

on kufd

config.status:955: creating config.h
config.status:1059: executing libtool commands

## ---------------- ##
## Cache variables. ##
## ---------------- ##

ac_cv_build=i686-pc-linux-gnu
ac_cv_c_compiler_gnu=yes
ac_cv_cxx_compiler_gnu=yes
ac_cv_env_CCC_set=
ac_cv_env_CCC_value=
ac_cv_env_CC_set=
ac_cv_env_CC_value=
ac_cv_env_CFLAGS_set=
ac_cv_env_CFLAGS_value=
ac_cv_env_CPPFLAGS_set=
ac_cv_env_CPPFLAGS_value=
ac_cv_env_CPP_set=
ac_cv_env_CPP_value=
ac_cv_env_CXXCPP_set=
ac_cv_env_CXXCPP_value=
ac_cv_env_CXXFLAGS_set=
ac_cv_env_CXXFLAGS_value=
ac_cv_env_CXX_set=
ac_cv_env_CXX_value=
ac_cv_env_LDFLAGS_set=
ac_cv_env_LDFLAGS_value=
ac_cv_env_LIBS_set=
ac_cv_env_LIBS_value=
ac_cv_env_build_alias_set=
ac_cv_env_build_alias_value=
ac_cv_env_host_alias_set=
ac_cv_env_host_alias_value=
ac_cv_env_target_alias_set=
ac_cv_env_target_alias_value=
ac_cv_header_dlfcn_h=yes
ac_cv_header_inttypes_h=yes
ac_cv_header_memory_h=yes
ac_cv_header_stdc=yes
ac_cv_header_stdint_h=yes
ac_cv_header_stdlib_h=yes
ac_cv_header_string_h=yes
ac_cv_header_strings_h=yes
ac_cv_header_sys_stat_h=yes
ac_cv_header_sys_types_h=yes
ac_cv_header_unistd_h=yes
ac_cv_host=i686-pc-linux-gnu
ac_cv_objext=o
ac_cv_path_EGREP='/bin/grep -E'
ac_cv_path_FGREP='/bin/grep -F'
ac_cv_path_GREP=/bin/grep
ac_cv_path_SED=/bin/sed
ac_cv_prog_AWK=gawk
ac_cv_prog_CPP='cc -E'
ac_cv_prog_CXXCPP='g++ -E'
ac_cv_prog_ac_ct_AR=ar
ac_cv_prog_ac_ct_CC=cc
ac_cv_prog_ac_ct_CXX=g++
ac_cv_prog_ac_ct_OBJDUMP=objdump
ac_cv_prog_ac_ct_RANLIB=ranlib
ac_cv_prog_ac_ct_STRIP=strip
ac_cv_prog_cc_c89=
ac_cv_prog_cc_cc_c_o=yes
ac_cv_prog_cc_g=yes
ac_cv_prog_cxx_g=yes
ac_cv_target=i686-pc-linux-gnu
lt_cv_ar_at_file=@
lt_cv_archive_cmds_need_lc=no
lt_cv_deplibs_check_method=pass_all
lt_cv_file_magic_cmd='$MAGIC_CMD'
lt_cv_file_magic_test_file=
lt_cv_ld_reload_flag=-r
lt_cv_nm_interface='BSD nm'
lt_cv_objdir=.libs
lt_cv_path_LD=/usr/bin/ld
lt_cv_path_LDCXX=/usr/bin/ld
lt_cv_path_NM='/usr/bin/nm -B'
lt_cv_path_mainfest_tool=no
lt_cv_prog_compiler_c_o=yes
lt_cv_prog_compiler_c_o_CXX=yes
lt_cv_prog_compiler_pic='-fPIC -DPIC'
lt_cv_prog_compiler_pic_CXX='-fPIC -DPIC'
lt_cv_prog_compiler_pic_works=yes
lt_cv_prog_compiler_pic_works_CXX=yes
lt_cv_prog_compiler_rtti_exceptions=no
lt_cv_prog_compiler_static_works=no
lt_cv_prog_compiler_static_works_CXX=no
lt_cv_prog_gnu_ld=yes
lt_cv_prog_gnu_ldcxx=yes
lt_cv_sharedlib_from_linklib_cmd='printf %s\n'
lt_cv_shlibpath_overrides_runpath=no
lt_cv_sys_global_symbol_pipe='sed -n -e '\''s/^.*[	 ]\([ABCDGIRSTW][ABCDGIRSTW]*\)[	 ][	 ]*\([_A-Za-z][_A-Za-z0-9]*\)$/\1 \2 \2/p'\'' | sed '\''/ __gnu_lto/d'\'''
lt_cv_sys_global_symbol_to_c_name_address='sed -n -e '\''s/^: \([^ ]*\)[ ]*$/  {\"\1\", (void *) 0},/p'\'' -e '\''s/^[ABCDGIRSTW]* \([^ ]*\) \([^ ]*\)$/  {"\2", (void *) \&\2},/p'\'''
lt_cv_sys_global_symbol_to_c_name_address_lib_prefix='sed -n -e '\''s/^: \([^ ]*\)[ ]*$/  {\"\1\", (void *) 0},/p'\'' -e '\''s/^[ABCDGIRSTW]* \([^ ]*\) \(lib[^ ]*\)$/  {"\2", (void *) \&\2},/p'\'' -e '\''s/^[ABCDGIRSTW]* \([^ ]*\) \([^ ]*\)$/  {"lib\2", (void *) \&\2},/p'\'''
lt_cv_sys_global_symbol_to_cdecl='sed -n -e '\''s/^T .* \(.*\)$/extern int \1();/p'\'' -e '\''s/^[ABCDGIRSTW]* .* \(.*\)$/extern char \1;/p'\'''
lt_cv_sys_max_cmd_len=1572864
lt_cv_to_host_file_cmd=func_convert_file_noop
lt_cv_to_tool_file_cmd=func_convert_file_noop
php_cv_cc_dashr=no
php_cv_cc_rpath=yes

## ----------------- ##
## Output variables. ##
## ----------------- ##

AR='ar'
AWK='gawk'
CC='cc'
CFLAGS='-g -O2'
CONFIGURE_COMMAND=' '\''./configure'\''  '\''--enable-js-css-compressor'\'''
CONFIGURE_OPTIONS=' '\''--enable-js-css-compressor'\'''
CPP='cc -E'
CPPFLAGS=' -DHAVE_CONFIG_H'
CXX='g++'
CXXCPP='g++ -E'
CXXFLAGS='-g -O2'
DEFS='-DHAVE_CONFIG_H'
DLLTOOL='false'
DSYMUTIL=''
DUMPBIN=''
ECHO_C=''
ECHO_N='-n'
ECHO_T=''
EGREP='/bin/grep -E'
EXEEXT=''
FGREP='/bin/grep -F'
GREP='/bin/grep'
LD='/usr/bin/ld'
LDFLAGS=''
LIBOBJS=''
LIBS=''
LIBTOOL='$(SHELL) $(top_builddir)/libtool'
LIPO=''
LN_S='ln -s'
LTLIBOBJS=''
MANIFEST_TOOL=':'
NM='/usr/bin/nm -B'
NMEDIT=''
OBJDUMP='objdump'
OBJEXT='o'
OTOOL64=''
OTOOL=''
PACKAGE_BUGREPORT=''
PACKAGE_NAME=''
PACKAGE_STRING=''
PACKAGE_TARNAME=''
PACKAGE_URL=''
PACKAGE_VERSION=''
PATH_SEPARATOR=':'
RANLIB='ranlib'
RE2C='exit 0;'
SED='/bin/sed'
SHELL='/bin/sh'
SHLIB_DL_SUFFIX_NAME='so'
SHLIB_SUFFIX_NAME='so'
STRIP='strip'
ac_ct_AR='ar'
ac_ct_CC='cc'
ac_ct_CXX='g++'
ac_ct_DUMPBIN=''
bindir='${exec_prefix}/bin'
build='i686-pc-linux-gnu'
build_alias=''
build_cpu='i686'
build_os='linux-gnu'
build_vendor='pc'
datadir='${datarootdir}'
datarootdir='${prefix}/share'
docdir='${datarootdir}/doc/${PACKAGE}'
dvidir='${docdir}'
exec_prefix='$(prefix)'
host='i686-pc-linux-gnu'
host_alias='i686-pc-linux-gnu'
host_cpu='i686'
host_os='linux-gnu'
host_vendor='pc'
htmldir='${docdir}'
includedir='${prefix}/include'
infodir='${datarootdir}/info'
libdir='${exec_prefix}/lib'
libexecdir='${exec_prefix}/libexec'
localedir='${datarootdir}/locale'
localstatedir='${prefix}/var'
mandir='${datarootdir}/man'
oldincludedir='/usr/include'
pdfdir='${docdir}'
prefix='/usr'
program_transform_name='s,x,x,'
psdir='${docdir}'
sbindir='${exec_prefix}/sbin'
sharedstatedir='${prefix}/com'
sysconfdir='${prefix}/etc'
target='i686-pc-linux-gnu'
target_alias=''
target_cpu='i686'
target_os='linux-gnu'
target_vendor='pc'

## ----------- ##
## confdefs.h. ##
## ----------- ##

/* confdefs.h */
#define PACKAGE_NAME ""
#define PACKAGE_TARNAME ""
#define PACKAGE_VERSION ""
#define PACKAGE_STRING ""
#define PACKAGE_BUGREPORT ""
#define PACKAGE_URL ""
#define COMPILE_DL_JS_CSS_COMPRESSOR 1
#define STDC_HEADERS 1
#define HAVE_SYS_TYPES_H 1
#define HAVE_SYS_STAT_H 1
#define HAVE_STDLIB_H 1
#define HAVE_STRING_H 1
#define HAVE_MEMORY_H 1
#define HAVE_STRINGS_H 1
#define HAVE_INTTYPES_H 1
#define HAVE_STDINT_H 1
#define HAVE_UNISTD_H 1
#define HAVE_DLFCN_H 1
#define LT_OBJDIR ".libs/"

configure: exit 0
